<html>
<head>
<title>TestNG:  Registration</title>
<link href="../testng.css" rel="stylesheet" type="text/css" />
<link href="../my-testng.css" rel="stylesheet" type="text/css" />

<style type="text/css">
.log { display: none;} 
.stack-trace { display: none;} 
</style>
<script type="text/javascript">
<!--
function flip(e) {
  current = e.style.display;
  if (current == 'block') {
    e.style.display = 'none';
    return 0;
  }
  else {
    e.style.display = 'block';
    return 1;
  }
}

function toggleBox(szDivId, elem, msg1, msg2)
{
  var res = -1;  if (document.getElementById) {
    res = flip(document.getElementById(szDivId));
  }
  else if (document.all) {
    // this is the way old msie versions work
    res = flip(document.all[szDivId]);
  }
  if(elem) {
    if(res == 0) elem.innerHTML = msg1; else elem.innerHTML = msg2;
  }

}

function toggleAllBoxes() {
  if (document.getElementsByTagName) {
    d = document.getElementsByTagName('div');
    for (i = 0; i < d.length; i++) {
      if (d[i].className == 'log') {
        flip(d[i]);
      }
    }
  }
}

// -->
</script>

</head>
<body>
<h2 align='center'>Registration</h2><table border='1' align="center">
<tr>
<td>Tests passed/Failed/Skipped:</td><td>10/2/1</td>
</tr><tr>
<td>Started on:</td><td>Tue Jun 25 12:46:37 IST 2019</td>
</tr>
<tr><td>Total time:</td><td>209 seconds (209510 ms)</td>
</tr><tr>
<td>Included groups:</td><td></td>
</tr><tr>
<td>Excluded groups:</td><td></td>
</tr>
</table><p/>
<small><i>(Hover the method name to see the test class name)</i></small><p/>
<table width='100%' border='1' class='invocation-failed'>
<tr><td colspan='4' align='center'><b>FAILED TESTS</b></td></tr>
<tr><td><b>Test method</b></td>
<td width="30%"><b>Exception</b></td>
<td width="10%"><b>Time (seconds)</b></td>
<td><b>Instance</b></td>
</tr>
<tr>
<td title='com.test.TestNGBasics.dtestOne()'><b>dtestOne</b><br>Test class: com.test.TestNGBasics<br/>
<a href="#Output-1082309267" onClick='toggleBox("Output-1082309267", this, "Show output", "Hide output");'>Show output</a>

<a href="#Output-1082309267" onClick="toggleAllBoxes();">Show all outputs</a>
<div class='log' id="Output-1082309267">
INFO : Testing d start<br/>
<br><br/>
ERROR : Current time of the day using Calendar - 24 hour format: 12:49:55<br/>
<br><br/>
INFO : Testing d one #DONE<br/>
<br><br/>
ERROR : TESTNG : On Test Failure : dtestOne<br/>
<br><br/>
</div>
</td>
<td><div><pre>java.lang.AssertionError
	at com.test.TestNGBasics.dtestOne(TestNGBasics.java:35)
	at sun.reflect.NativeMethodAccessorImpl.invoke0(Native Method)
	at sun.reflect.NativeMethodAccessorImpl.invoke(NativeMethodAccessorImpl.java:62)
	at sun.reflect.DelegatingMethodAccessorImpl.invoke(DelegatingMethodAccessorImpl.java:43)
	at java.lang.reflect.Method.invoke(Method.java:498)
	at org.testng.internal.MethodInvocationHelper.invokeMethod(MethodInvocationHelper.java:86)
	at org.testng.internal.Invoker.invokeMethod(Invoker.java:643)
	at org.testng.internal.Invoker.invokeTestMethod(Invoker.java:820)
	at org.testng.internal.Invoker.invokeTestMethods(Invoker.java:1128)
	at org.testng.internal.TestMethodWorker.invokeTestMethods(TestMethodWorker.java:129)
	at org.testng.internal.TestMethodWorker.run(TestMethodWorker.java:112)
	at org.testng.TestRunner.privateRun(TestRunner.java:782)
	at org.testng.TestRunner.run(TestRunner.java:632)
	at org.testng.SuiteRunner.runTest(SuiteRunner.java:366)
	at org.testng.SuiteRunner.runSequentially(SuiteRunner.java:361)
	at org.testng.SuiteRunner.privateRun(SuiteRunner.java:319)
	at org.testng.SuiteRunner.run(SuiteRunner.java:268)
	at org.testng.SuiteRunnerWorker.runSuite(SuiteRunnerWorker.java:52)
	at org.testng.SuiteRunnerWorker.run(SuiteRunnerWorker.java:86)
	at org.testng.TestNG.runSuitesSequentially(TestNG.java:1244)
	at org.testng.TestNG.runSuitesLocally(TestNG.java:1169)
	at org.testng.TestNG.run(TestNG.java:1064)
	at org.testng.remote.AbstractRemoteTestNG.run(AbstractRemoteTestNG.java:132)
	at org.testng.remote.RemoteTestNG.initAndRun(RemoteTestNG.java:236)
	at org.testng.remote.RemoteTestNG.main(RemoteTestNG.java:81)
</pre></div><a href='#' onClick='toggleBox("stack-trace1082309267", this, "Click to show all stack frames", "Click to hide stack frames")'>Click to show all stack frames</a>
<div class='stack-trace' id='stack-trace1082309267'><pre>java.lang.AssertionError
	at com.test.TestNGBasics.dtestOne(TestNGBasics.java:35)
	at sun.reflect.NativeMethodAccessorImpl.invoke0(Native Method)
	at sun.reflect.NativeMethodAccessorImpl.invoke(NativeMethodAccessorImpl.java:62)
	at sun.reflect.DelegatingMethodAccessorImpl.invoke(DelegatingMethodAccessorImpl.java:43)
	at java.lang.reflect.Method.invoke(Method.java:498)
	at org.testng.internal.MethodInvocationHelper.invokeMethod(MethodInvocationHelper.java:86)
	at org.testng.internal.Invoker.invokeMethod(Invoker.java:643)
	at org.testng.internal.Invoker.invokeTestMethod(Invoker.java:820)
	at org.testng.internal.Invoker.invokeTestMethods(Invoker.java:1128)
	at org.testng.internal.TestMethodWorker.invokeTestMethods(TestMethodWorker.java:129)
	at org.testng.internal.TestMethodWorker.run(TestMethodWorker.java:112)
	at org.testng.TestRunner.privateRun(TestRunner.java:782)
	at org.testng.TestRunner.run(TestRunner.java:632)
	at org.testng.SuiteRunner.runTest(SuiteRunner.java:366)
	at org.testng.SuiteRunner.runSequentially(SuiteRunner.java:361)
	at org.testng.SuiteRunner.privateRun(SuiteRunner.java:319)
	at org.testng.SuiteRunner.run(SuiteRunner.java:268)
	at org.testng.SuiteRunnerWorker.runSuite(SuiteRunnerWorker.java:52)
	at org.testng.SuiteRunnerWorker.run(SuiteRunnerWorker.java:86)
	at org.testng.TestNG.runSuitesSequentially(TestNG.java:1244)
	at org.testng.TestNG.runSuitesLocally(TestNG.java:1169)
	at org.testng.TestNG.run(TestNG.java:1064)
	at org.testng.remote.AbstractRemoteTestNG.run(AbstractRemoteTestNG.java:132)
	at org.testng.remote.RemoteTestNG.initAndRun(RemoteTestNG.java:236)
	at org.testng.remote.RemoteTestNG.main(RemoteTestNG.java:81)
</pre></div></td>
<td>4</td>
<td>com.test.TestNGBasics@3bfdc050</td></tr>
<tr>
<td title='com.test.TestNGBasics.g_dependsOnFPass_ShouldFail()'><b>g_dependsOnFPass_ShouldFail</b><br>Test class: com.test.TestNGBasics<br/>
<a href="#Output-429075478" onClick='toggleBox("Output-429075478", this, "Show output", "Hide output");'>Show output</a>

<a href="#Output-429075478" onClick="toggleAllBoxes();">Show all outputs</a>
<div class='log' id="Output-429075478">
ERROR : This is F method<br/>
<br><br/>
ERROR : TESTNG : On Test Failure : g_dependsOnFPass_ShouldFail<br/>
<br><br/>
</div>
</td>
<td><div><pre>junit.framework.AssertionFailedError: expected:&lt;10&gt; but was:&lt;4&gt;
	at junit.framework.Assert.fail(Assert.java:47)
	at junit.framework.Assert.failNotEquals(Assert.java:282)
	at junit.framework.Assert.assertEquals(Assert.java:64)
	at junit.framework.Assert.assertEquals(Assert.java:201)
	at junit.framework.Assert.assertEquals(Assert.java:207)
	at com.test.TestNGBasics.g_dependsOnFPass_ShouldFail(TestNGBasics.java:101)
	at sun.reflect.NativeMethodAccessorImpl.invoke0(Native Method)
	at sun.reflect.NativeMethodAccessorImpl.invoke(NativeMethodAccessorImpl.java:62)
	at sun.reflect.DelegatingMethodAccessorImpl.invoke(DelegatingMethodAccessorImpl.java:43)
	at java.lang.reflect.Method.invoke(Method.java:498)
	at org.testng.internal.MethodInvocationHelper.invokeMethod(MethodInvocationHelper.java:86)
	at org.testng.internal.Invoker.invokeMethod(Invoker.java:643)
	at org.testng.internal.Invoker.invokeTestMethod(Invoker.java:820)
	at org.testng.internal.Invoker.invokeTestMethods(Invoker.java:1128)
	at org.testng.internal.TestMethodWorker.invokeTestMethods(TestMethodWorker.java:129)
	at org.testng.internal.TestMethodWorker.run(TestMethodWorker.java:112)
	at org.testng.TestRunner.privateRun(TestRunner.java:782)
	at org.testng.TestRunner.run(TestRunner.java:632)
	at org.testng.SuiteRunner.runTest(SuiteRunner.java:366)
	at org.testng.SuiteRunner.runSequentially(SuiteRunner.java:361)
	at org.testng.SuiteRunner.privateRun(SuiteRunner.java:319)
	at org.testng.SuiteRunner.run(SuiteRunner.java:268)
	at org.testng.SuiteRunnerWorker.runSuite(SuiteRunnerWorker.java:52)
	at org.testng.SuiteRunnerWorker.run(SuiteRunnerWorker.java:86)
	at org.testng.TestNG.runSuitesSequentially(TestNG.java:1244)
	at org.testng.TestNG.runSuitesLocally(TestNG.java:1169)
	at org.testng.TestNG.run(TestNG.java:1064)
	at org.testng.remote.AbstractRemoteTestNG.run(AbstractRemoteTestNG.java:132)
	at org.testng.remote.RemoteTestNG.initAndRun(RemoteTestNG.java:236)
	at org.testng.remote.RemoteTestNG.main(RemoteTestNG.java:81)
</pre></div><a href='#' onClick='toggleBox("stack-trace429075478", this, "Click to show all stack frames", "Click to hide stack frames")'>Click to show all stack frames</a>
<div class='stack-trace' id='stack-trace429075478'><pre>junit.framework.AssertionFailedError: expected:&lt;10&gt; but was:&lt;4&gt;
	at junit.framework.Assert.fail(Assert.java:47)
	at junit.framework.Assert.failNotEquals(Assert.java:282)
	at junit.framework.Assert.assertEquals(Assert.java:64)
	at junit.framework.Assert.assertEquals(Assert.java:201)
	at junit.framework.Assert.assertEquals(Assert.java:207)
	at com.test.TestNGBasics.g_dependsOnFPass_ShouldFail(TestNGBasics.java:101)
	at sun.reflect.NativeMethodAccessorImpl.invoke0(Native Method)
	at sun.reflect.NativeMethodAccessorImpl.invoke(NativeMethodAccessorImpl.java:62)
	at sun.reflect.DelegatingMethodAccessorImpl.invoke(DelegatingMethodAccessorImpl.java:43)
	at java.lang.reflect.Method.invoke(Method.java:498)
	at org.testng.internal.MethodInvocationHelper.invokeMethod(MethodInvocationHelper.java:86)
	at org.testng.internal.Invoker.invokeMethod(Invoker.java:643)
	at org.testng.internal.Invoker.invokeTestMethod(Invoker.java:820)
	at org.testng.internal.Invoker.invokeTestMethods(Invoker.java:1128)
	at org.testng.internal.TestMethodWorker.invokeTestMethods(TestMethodWorker.java:129)
	at org.testng.internal.TestMethodWorker.run(TestMethodWorker.java:112)
	at org.testng.TestRunner.privateRun(TestRunner.java:782)
	at org.testng.TestRunner.run(TestRunner.java:632)
	at org.testng.SuiteRunner.runTest(SuiteRunner.java:366)
	at org.testng.SuiteRunner.runSequentially(SuiteRunner.java:361)
	at org.testng.SuiteRunner.privateRun(SuiteRunner.java:319)
	at org.testng.SuiteRunner.run(SuiteRunner.java:268)
	at org.testng.SuiteRunnerWorker.runSuite(SuiteRunnerWorker.java:52)
	at org.testng.SuiteRunnerWorker.run(SuiteRunnerWorker.java:86)
	at org.testng.TestNG.runSuitesSequentially(TestNG.java:1244)
	at org.testng.TestNG.runSuitesLocally(TestNG.java:1169)
	at org.testng.TestNG.run(TestNG.java:1064)
	at org.testng.remote.AbstractRemoteTestNG.run(AbstractRemoteTestNG.java:132)
	at org.testng.remote.RemoteTestNG.initAndRun(RemoteTestNG.java:236)
	at org.testng.remote.RemoteTestNG.main(RemoteTestNG.java:81)
</pre></div></td>
<td>0</td>
<td>com.test.TestNGBasics@3bfdc050</td></tr>
</table><p>
<table width='100%' border='1' class='invocation-passed'>
<tr><td colspan='4' align='center'><b>PASSED TESTS</b></td></tr>
<tr><td><b>Test method</b></td>
<td width="30%"><b>Exception</b></td>
<td width="10%"><b>Time (seconds)</b></td>
<td><b>Instance</b></td>
</tr>
<tr>
<td title='com.test.TestNGBasics.atestOne()'><b>atestOne</b><br>Test class: com.test.TestNGBasics<br/>
<a href="#Output-837457281" onClick='toggleBox("Output-837457281", this, "Show output", "Hide output");'>Show output</a>

<a href="#Output-837457281" onClick="toggleAllBoxes();">Show all outputs</a>
<div class='log' id="Output-837457281">
INFO : Testing a one<br/>
<br><br/>
INFO : TESTNG : On Test Success : atestOne<br/>
<br><br/>
</div>
</td>
<td></td>
<td>0</td>
<td>com.test.TestNGBasics@3bfdc050</td></tr>
<tr>
<td title='com.test.TestNGBasics.btestOne()'><b>btestOne</b><br>Test class: com.test.TestNGBasics<br/>
<a href="#Output-1984513847" onClick='toggleBox("Output-1984513847", this, "Show output", "Hide output");'>Show output</a>

<a href="#Output-1984513847" onClick="toggleAllBoxes();">Show all outputs</a>
<div class='log' id="Output-1984513847">
INFO : Current time of the day using Calendar - 24 hour format: 12:49:55<br/>
<br><br/>
INFO : Testing b one<br/>
<br><br/>
INFO : TESTNG : On Test Success : btestOne<br/>
<br><br/>
</div>
</td>
<td></td>
<td>0</td>
<td>com.test.TestNGBasics@3bfdc050</td></tr>
<tr>
<td title='com.test.TestNGBasics.ctestOne()'><b>ctestOne</b><br>Test class: com.test.TestNGBasics<br/>
<a href="#Output-1241529534" onClick='toggleBox("Output-1241529534", this, "Show output", "Hide output");'>Show output</a>

<a href="#Output-1241529534" onClick="toggleAllBoxes();">Show all outputs</a>
<div class='log' id="Output-1241529534">
INFO : Testing c one<br/>
<br><br/>
INFO : TESTNG : On Test Success : ctestOne<br/>
<br><br/>
</div>
</td>
<td></td>
<td>0</td>
<td>com.test.TestNGBasics@3bfdc050</td></tr>
<tr>
<td title='com.test.TestNGBasics.etestOne()'><b>etestOne</b><br>Test class: com.test.TestNGBasics<br/>
<a href="#Output-899543194" onClick='toggleBox("Output-899543194", this, "Show output", "Hide output");'>Show output</a>

<a href="#Output-899543194" onClick="toggleAllBoxes();">Show all outputs</a>
<div class='log' id="Output-899543194">
INFO : Testing e one<br/>
<br><br/>
INFO : Testing e one.. #DONE<br/>
<br><br/>
INFO : TESTNG : On Test Success : etestOne<br/>
<br><br/>
</div>
</td>
<td></td>
<td>4</td>
<td>com.test.TestNGBasics@3bfdc050</td></tr>
<tr>
<td title='com.test.TestNGBasics.ftestOne()'><b>ftestOne</b><br>Test class: com.test.TestNGBasics<br/>
<a href="#Output-1138697171" onClick='toggleBox("Output-1138697171", this, "Show output", "Hide output");'>Show output</a>

<a href="#Output-1138697171" onClick="toggleAllBoxes();">Show all outputs</a>
<div class='log' id="Output-1138697171">
INFO : Current time of the day using Calendar - 24 hour format: 12:50:03<br/>
<br><br/>
INFO : Testing f one<br/>
<br><br/>
INFO : Testing f one # DONE<br/>
<br><br/>
INFO : TESTNG : On Test Success : ftestOne<br/>
<br><br/>
</div>
</td>
<td></td>
<td>4</td>
<td>com.test.TestNGBasics@3bfdc050</td></tr>
<tr>
<td title='com.test.TestNGBasics.i_exceptionTest()'><b>i_exceptionTest</b><br>Test class: com.test.TestNGBasics<br/>
<a href="#Output-1835073088" onClick='toggleBox("Output-1835073088", this, "Show output", "Hide output");'>Show output</a>

<a href="#Output-1835073088" onClick="toggleAllBoxes();">Show all outputs</a>
<div class='log' id="Output-1835073088">
INFO : This is one method<br/>
<br><br/>
INFO : TESTNG : On Test Success : i_exceptionTest<br/>
<br><br/>
</div>
</td>
<td><div><pre>java.lang.NullPointerException
	at com.test.TestNGBasics.i_exceptionTest(TestNGBasics.java:115)
	at sun.reflect.NativeMethodAccessorImpl.invoke0(Native Method)
	at sun.reflect.NativeMethodAccessorImpl.invoke(NativeMethodAccessorImpl.java:62)
	at sun.reflect.DelegatingMethodAccessorImpl.invoke(DelegatingMethodAccessorImpl.java:43)
	at java.lang.reflect.Method.invoke(Method.java:498)
	at org.testng.internal.MethodInvocationHelper.invokeMethod(MethodInvocationHelper.java:86)
	at org.testng.internal.Invoker.invokeMethod(Invoker.java:643)
	at org.testng.internal.Invoker.invokeTestMethod(Invoker.java:820)
	at org.testng.internal.Invoker.invokeTestMethods(Invoker.java:1128)
	at org.testng.internal.TestMethodWorker.invokeTestMethods(TestMethodWorker.java:129)
	at org.testng.internal.TestMethodWorker.run(TestMethodWorker.java:112)
	at org.testng.TestRunner.privateRun(TestRunner.java:782)
	at org.testng.TestRunner.run(TestRunner.java:632)
	at org.testng.SuiteRunner.runTest(SuiteRunner.java:366)
	at org.testng.SuiteRunner.runSequentially(SuiteRunner.java:361)
	at org.testng.SuiteRunner.privateRun(SuiteRunner.java:319)
	at org.testng.SuiteRunner.run(SuiteRunner.java:268)
	at org.testng.SuiteRunnerWorker.runSuite(SuiteRunnerWorker.java:52)
	at org.testng.SuiteRunnerWorker.run(SuiteRunnerWorker.java:86)
	at org.testng.TestNG.runSuitesSequentially(TestNG.java:1244)
	at org.testng.TestNG.runSuitesLocally(TestNG.java:1169)
	at org.testng.TestNG.run(TestNG.java:1064)
	at org.testng.remote.AbstractRemoteTestNG.run(AbstractRemoteTestNG.java:132)
	at org.testng.remote.RemoteTestNG.initAndRun(RemoteTestNG.java:236)
	at org.testng.remote.RemoteTestNG.main(RemoteTestNG.java:81)
</pre></div><a href='#' onClick='toggleBox("stack-trace1835073088", this, "Click to show all stack frames", "Click to hide stack frames")'>Click to show all stack frames</a>
<div class='stack-trace' id='stack-trace1835073088'><pre>java.lang.NullPointerException
	at com.test.TestNGBasics.i_exceptionTest(TestNGBasics.java:115)
	at sun.reflect.NativeMethodAccessorImpl.invoke0(Native Method)
	at sun.reflect.NativeMethodAccessorImpl.invoke(NativeMethodAccessorImpl.java:62)
	at sun.reflect.DelegatingMethodAccessorImpl.invoke(DelegatingMethodAccessorImpl.java:43)
	at java.lang.reflect.Method.invoke(Method.java:498)
	at org.testng.internal.MethodInvocationHelper.invokeMethod(MethodInvocationHelper.java:86)
	at org.testng.internal.Invoker.invokeMethod(Invoker.java:643)
	at org.testng.internal.Invoker.invokeTestMethod(Invoker.java:820)
	at org.testng.internal.Invoker.invokeTestMethods(Invoker.java:1128)
	at org.testng.internal.TestMethodWorker.invokeTestMethods(TestMethodWorker.java:129)
	at org.testng.internal.TestMethodWorker.run(TestMethodWorker.java:112)
	at org.testng.TestRunner.privateRun(TestRunner.java:782)
	at org.testng.TestRunner.run(TestRunner.java:632)
	at org.testng.SuiteRunner.runTest(SuiteRunner.java:366)
	at org.testng.SuiteRunner.runSequentially(SuiteRunner.java:361)
	at org.testng.SuiteRunner.privateRun(SuiteRunner.java:319)
	at org.testng.SuiteRunner.run(SuiteRunner.java:268)
	at org.testng.SuiteRunnerWorker.runSuite(SuiteRunnerWorker.java:52)
	at org.testng.SuiteRunnerWorker.run(SuiteRunnerWorker.java:86)
	at org.testng.TestNG.runSuitesSequentially(TestNG.java:1244)
	at org.testng.TestNG.runSuitesLocally(TestNG.java:1169)
	at org.testng.TestNG.run(TestNG.java:1064)
	at org.testng.remote.AbstractRemoteTestNG.run(AbstractRemoteTestNG.java:132)
	at org.testng.remote.RemoteTestNG.initAndRun(RemoteTestNG.java:236)
	at org.testng.remote.RemoteTestNG.main(RemoteTestNG.java:81)
</pre></div></td>
<td>0</td>
<td>com.test.TestNGBasics@3bfdc050</td></tr>
<tr>
<td title='com.test.TestNGBasics.j_dependsOnFail_alwasyRun()'><b>j_dependsOnFail_alwasyRun</b><br>Test class: com.test.TestNGBasics<br/>
<a href="#Output-808228639" onClick='toggleBox("Output-808228639", this, "Show output", "Hide output");'>Show output</a>

<a href="#Output-808228639" onClick="toggleAllBoxes();">Show all outputs</a>
<div class='log' id="Output-808228639">
INFO : This is one method<br/>
<br><br/>
INFO : TESTNG : On Test Success : j_dependsOnFail_alwasyRun<br/>
<br><br/>
</div>
</td>
<td></td>
<td>0</td>
<td>com.test.TestNGBasics@3bfdc050</td></tr>
<tr>
<td title='com.test.TestNGBasics.l_enabledTest()'><b>l_enabledTest</b><br>Test class: com.test.TestNGBasics<br/>
<a href="#Output-602423811" onClick='toggleBox("Output-602423811", this, "Show output", "Hide output");'>Show output</a>

<a href="#Output-602423811" onClick="toggleAllBoxes();">Show all outputs</a>
<div class='log' id="Output-602423811">
INFO : This is one method<br/>
<br><br/>
INFO : TESTNG : On Test Success : l_enabledTest<br/>
<br><br/>
</div>
</td>
<td></td>
<td>0</td>
<td>com.test.TestNGBasics@3bfdc050</td></tr>
<tr>
<td title='com.test.DataDrivenCSVReadRegistrationTest.onlyName()'><b>onlyName</b><br>Test class: com.test.DataDrivenCSVReadRegistrationTest<br>Parameters: com.dataObject.RegistrationData@5b03b9fe<br/>
<a href="#Output-1809194904" onClick='toggleBox("Output-1809194904", this, "Show output", "Hide output");'>Show output</a>

<a href="#Output-1809194904" onClick="toggleAllBoxes();">Show all outputs</a>
<div class='log' id="Output-1809194904">
INFO : TESTNG : On Test Success : onlyName<br/>
<br><br/>
</div>
</td>
<td></td>
<td>103</td>
<td>com.test.DataDrivenCSVReadRegistrationTest@42d80b78</td></tr>
<tr>
<td title='com.test.DataDrivenCSVReadRegistrationTest.onlyName()'><b>onlyName</b><br>Test class: com.test.DataDrivenCSVReadRegistrationTest<br>Parameters: com.dataObject.RegistrationData@710c2b53<br/>
<a href="#Output-1529115495" onClick='toggleBox("Output-1529115495", this, "Show output", "Hide output");'>Show output</a>

<a href="#Output-1529115495" onClick="toggleAllBoxes();">Show all outputs</a>
<div class='log' id="Output-1529115495">
INFO : TESTNG : On Test Success : onlyName<br/>
<br><br/>
</div>
</td>
<td></td>
<td>80</td>
<td>com.test.DataDrivenCSVReadRegistrationTest@42d80b78</td></tr>
</table><p>
<table width='100%' border='1' class='invocation-skipped'>
<tr><td colspan='4' align='center'><b>SKIPPED TESTS</b></td></tr>
<tr><td><b>Test method</b></td>
<td width="30%"><b>Exception</b></td>
<td width="10%"><b>Time (seconds)</b></td>
<td><b>Instance</b></td>
</tr>
<tr>
<td title='com.test.TestNGBasics.h_dependsOnFail()'><b>h_dependsOnFail</b><br>Test class: com.test.TestNGBasics</td>
<td><div><pre>java.lang.Throwable: Method TestNGBasics.h_dependsOnFail()[pri:0, instance:com.test.TestNGBasics@3bfdc050] depends on not successfully finished methods
	at org.testng.internal.Invoker.invokeTestMethods(Invoker.java:1037)
	at org.testng.internal.TestMethodWorker.invokeTestMethods(TestMethodWorker.java:129)
	at org.testng.internal.TestMethodWorker.run(TestMethodWorker.java:112)
	at org.testng.TestRunner.privateRun(TestRunner.java:782)
	at org.testng.TestRunner.run(TestRunner.java:632)
	at org.testng.SuiteRunner.runTest(SuiteRunner.java:366)
	at org.testng.SuiteRunner.runSequentially(SuiteRunner.java:361)
	at org.testng.SuiteRunner.privateRun(SuiteRunner.java:319)
	at org.testng.SuiteRunner.run(SuiteRunner.java:268)
	at org.testng.SuiteRunnerWorker.runSuite(SuiteRunnerWorker.java:52)
	at org.testng.SuiteRunnerWorker.run(SuiteRunnerWorker.java:86)
	at org.testng.TestNG.runSuitesSequentially(TestNG.java:1244)
	at org.testng.TestNG.runSuitesLocally(TestNG.java:1169)
	at org.testng.TestNG.run(TestNG.java:1064)
	at org.testng.remote.AbstractRemoteTestNG.run(AbstractRemoteTestNG.java:132)
	at org.testng.remote.RemoteTestNG.initAndRun(RemoteTestNG.java:236)
	at org.testng.remote.RemoteTestNG.main(RemoteTestNG.java:81)
</pre></div><a href='#' onClick='toggleBox("stack-trace811597470", this, "Click to show all stack frames", "Click to hide stack frames")'>Click to show all stack frames</a>
<div class='stack-trace' id='stack-trace811597470'><pre>java.lang.Throwable: Method TestNGBasics.h_dependsOnFail()[pri:0, instance:com.test.TestNGBasics@3bfdc050] depends on not successfully finished methods
	at org.testng.internal.Invoker.invokeTestMethods(Invoker.java:1037)
	at org.testng.internal.TestMethodWorker.invokeTestMethods(TestMethodWorker.java:129)
	at org.testng.internal.TestMethodWorker.run(TestMethodWorker.java:112)
	at org.testng.TestRunner.privateRun(TestRunner.java:782)
	at org.testng.TestRunner.run(TestRunner.java:632)
	at org.testng.SuiteRunner.runTest(SuiteRunner.java:366)
	at org.testng.SuiteRunner.runSequentially(SuiteRunner.java:361)
	at org.testng.SuiteRunner.privateRun(SuiteRunner.java:319)
	at org.testng.SuiteRunner.run(SuiteRunner.java:268)
	at org.testng.SuiteRunnerWorker.runSuite(SuiteRunnerWorker.java:52)
	at org.testng.SuiteRunnerWorker.run(SuiteRunnerWorker.java:86)
	at org.testng.TestNG.runSuitesSequentially(TestNG.java:1244)
	at org.testng.TestNG.runSuitesLocally(TestNG.java:1169)
	at org.testng.TestNG.run(TestNG.java:1064)
	at org.testng.remote.AbstractRemoteTestNG.run(AbstractRemoteTestNG.java:132)
	at org.testng.remote.RemoteTestNG.initAndRun(RemoteTestNG.java:236)
	at org.testng.remote.RemoteTestNG.main(RemoteTestNG.java:81)
</pre></div></td>
<td>0</td>
<td>null</td></tr>
</table><p>
</body>
</html>